==18152== Memcheck, a memory error detector
==18152== Copyright (C) 2002-2017, and GNU GPL'd, by Julian Seward et al.
==18152== Using Valgrind-3.15.0-608cb11914-20190413 and LibVEX; rerun with -h for copyright info
==18152== Command: ./tradutor tests/test.c
==18152== Parent PID: 18151
==18152== 
--18152-- 
--18152-- Valgrind options:
--18152--    -v
--18152--    --tool=memcheck
--18152--    --leak-check=full
--18152--    --log-file=logfile.out
--18152--    --show-leak-kinds=all
--18152--    --track-origins=yes
--18152-- Contents of /proc/version:
--18152--   Linux version 5.10.16.3-microsoft-standard-WSL2 (oe-user@oe-host) (x86_64-msft-linux-gcc (GCC) 9.3.0, GNU ld (GNU Binutils) 2.34.0.20200220) #1 SMP Fri Apr 2 22:23:49 UTC 2021
--18152-- 
--18152-- Arch and hwcaps: AMD64, LittleEndian, amd64-cx16-lzcnt-rdtscp-sse3-ssse3-avx-avx2-bmi-f16c-rdrand
--18152-- Page sizes: currently 4096, max supported 4096
--18152-- Valgrind library directory: /usr/lib/x86_64-linux-gnu/valgrind
--18152-- Reading syms from /mnt/c/Users/cella/OneDrive/Documentos/UnB/Tradutores/translator-project/semantic-analyzer/tradutor
--18152-- Reading syms from /usr/lib/x86_64-linux-gnu/ld-2.33.so
--18152--   Considering /usr/lib/x86_64-linux-gnu/ld-2.33.so ..
--18152--   .. CRC mismatch (computed 425b6850 wanted cee0dc4c)
--18152--   Considering /lib/x86_64-linux-gnu/ld-2.33.so ..
--18152--   .. CRC mismatch (computed 425b6850 wanted cee0dc4c)
--18152--   Considering /usr/lib/debug/lib/x86_64-linux-gnu/ld-2.33.so ..
--18152--   .. CRC is valid
--18152-- Reading syms from /usr/lib/x86_64-linux-gnu/valgrind/memcheck-amd64-linux
--18152--    object doesn't have a symbol table
--18152--    object doesn't have a dynamic symbol table
--18152-- Scheduler: using generic scheduler lock implementation.
--18152-- Reading suppressions file: /usr/lib/x86_64-linux-gnu/valgrind/default.supp
==18152== embedded gdbserver: reading from /tmp/vgdb-pipe-from-vgdb-to-18152-by-marcella-on-???
==18152== embedded gdbserver: writing to   /tmp/vgdb-pipe-to-vgdb-from-18152-by-marcella-on-???
==18152== embedded gdbserver: shared mem   /tmp/vgdb-pipe-shared-mem-vgdb-18152-by-marcella-on-???
==18152== 
==18152== TO CONTROL THIS PROCESS USING vgdb (which you probably
==18152== don't want to do, unless you know exactly what you're doing,
==18152== or are doing some strange experiment):
==18152==   /usr/lib/x86_64-linux-gnu/valgrind/../../bin/vgdb --pid=18152 ...command...
==18152== 
==18152== TO DEBUG THIS PROCESS USING GDB: start GDB like this
==18152==   /path/to/gdb ./tradutor
==18152== and then give GDB the following command
==18152==   target remote | /usr/lib/x86_64-linux-gnu/valgrind/../../bin/vgdb --pid=18152
==18152== --pid is optional if only one valgrind process is running
==18152== 
--18152-- REDIR: 0x40276d0 (ld-linux-x86-64.so.2:strlen) redirected to 0x580c9ce2 (???)
--18152-- REDIR: 0x40274a0 (ld-linux-x86-64.so.2:index) redirected to 0x580c9cfc (???)
--18152-- Reading syms from /usr/lib/x86_64-linux-gnu/valgrind/vgpreload_core-amd64-linux.so
--18152--    object doesn't have a symbol table
--18152-- Reading syms from /usr/lib/x86_64-linux-gnu/valgrind/vgpreload_memcheck-amd64-linux.so
--18152--    object doesn't have a symbol table
==18152== WARNING: new redirection conflicts with existing -- ignoring it
--18152--     old: 0x040276d0 (strlen              ) R-> (0000.0) 0x580c9ce2 ???
--18152--     new: 0x040276d0 (strlen              ) R-> (2007.0) 0x04845060 strlen
--18152-- REDIR: 0x4023eb0 (ld-linux-x86-64.so.2:strcmp) redirected to 0x4845fd0 (strcmp)
--18152-- REDIR: 0x4027c30 (ld-linux-x86-64.so.2:mempcpy) redirected to 0x4849a20 (mempcpy)
--18152-- Reading syms from /usr/lib/x86_64-linux-gnu/libc-2.33.so
--18152--   Considering /usr/lib/x86_64-linux-gnu/libc-2.33.so ..
--18152--   .. CRC mismatch (computed 31fcf0a5 wanted 9eb4d521)
--18152--   Considering /lib/x86_64-linux-gnu/libc-2.33.so ..
--18152--   .. CRC mismatch (computed 31fcf0a5 wanted 9eb4d521)
--18152--   Considering /usr/lib/debug/lib/x86_64-linux-gnu/libc-2.33.so ..
--18152--   .. CRC is valid
--18152-- REDIR: 0x48f4f00 (libc.so.6:memmove) redirected to 0x48391d0 (_vgnU_ifunc_wrapper)
--18152-- REDIR: 0x48f43a0 (libc.so.6:strncpy) redirected to 0x48391d0 (_vgnU_ifunc_wrapper)
--18152-- REDIR: 0x48f5240 (libc.so.6:strcasecmp) redirected to 0x48391d0 (_vgnU_ifunc_wrapper)
--18152-- REDIR: 0x48f3e50 (libc.so.6:strcat) redirected to 0x48391d0 (_vgnU_ifunc_wrapper)
--18152-- REDIR: 0x48f4400 (libc.so.6:rindex) redirected to 0x48391d0 (_vgnU_ifunc_wrapper)
--18152-- REDIR: 0x48f6700 (libc.so.6:rawmemchr) redirected to 0x48391d0 (_vgnU_ifunc_wrapper)
--18152-- REDIR: 0x4910830 (libc.so.6:wmemchr) redirected to 0x48391d0 (_vgnU_ifunc_wrapper)
--18152-- REDIR: 0x4910370 (libc.so.6:wcscmp) redirected to 0x48391d0 (_vgnU_ifunc_wrapper)
--18152-- REDIR: 0x48f5060 (libc.so.6:mempcpy) redirected to 0x48391d0 (_vgnU_ifunc_wrapper)
--18152-- REDIR: 0x48f4e90 (libc.so.6:bcmp) redirected to 0x48391d0 (_vgnU_ifunc_wrapper)
--18152-- REDIR: 0x48f4340 (libc.so.6:strncmp) redirected to 0x48391d0 (_vgnU_ifunc_wrapper)
--18152-- REDIR: 0x48f3f00 (libc.so.6:strcmp) redirected to 0x48391d0 (_vgnU_ifunc_wrapper)
--18152-- REDIR: 0x48f4fd0 (libc.so.6:memset) redirected to 0x48391d0 (_vgnU_ifunc_wrapper)
--18152-- REDIR: 0x4910330 (libc.so.6:wcschr) redirected to 0x48391d0 (_vgnU_ifunc_wrapper)
--18152-- REDIR: 0x48f42a0 (libc.so.6:strnlen) redirected to 0x48391d0 (_vgnU_ifunc_wrapper)
--18152-- REDIR: 0x48f3fe0 (libc.so.6:strcspn) redirected to 0x48391d0 (_vgnU_ifunc_wrapper)
--18152-- REDIR: 0x48f5290 (libc.so.6:strncasecmp) redirected to 0x48391d0 (_vgnU_ifunc_wrapper)
--18152-- REDIR: 0x48f3f80 (libc.so.6:strcpy) redirected to 0x48391d0 (_vgnU_ifunc_wrapper)
--18152-- REDIR: 0x48f53e0 (libc.so.6:memcpy@@GLIBC_2.14) redirected to 0x48391d0 (_vgnU_ifunc_wrapper)
--18152-- REDIR: 0x4911ab0 (libc.so.6:wcsnlen) redirected to 0x48391d0 (_vgnU_ifunc_wrapper)
--18152-- REDIR: 0x49103b0 (libc.so.6:wcscpy) redirected to 0x48391d0 (_vgnU_ifunc_wrapper)
--18152-- REDIR: 0x48f4440 (libc.so.6:strpbrk) redirected to 0x48391d0 (_vgnU_ifunc_wrapper)
--18152-- REDIR: 0x48f3eb0 (libc.so.6:index) redirected to 0x48391d0 (_vgnU_ifunc_wrapper)
--18152-- REDIR: 0x48f4260 (libc.so.6:strlen) redirected to 0x48391d0 (_vgnU_ifunc_wrapper)
--18152-- REDIR: 0x48fcc20 (libc.so.6:memrchr) redirected to 0x48391d0 (_vgnU_ifunc_wrapper)
--18152-- REDIR: 0x48f52e0 (libc.so.6:strcasecmp_l) redirected to 0x48391d0 (_vgnU_ifunc_wrapper)
--18152-- REDIR: 0x48f4e50 (libc.so.6:memchr) redirected to 0x48391d0 (_vgnU_ifunc_wrapper)
--18152-- REDIR: 0x4910480 (libc.so.6:wcslen) redirected to 0x48391d0 (_vgnU_ifunc_wrapper)
--18152-- REDIR: 0x48f4560 (libc.so.6:strspn) redirected to 0x48391d0 (_vgnU_ifunc_wrapper)
--18152-- REDIR: 0x48f51e0 (libc.so.6:stpncpy) redirected to 0x48391d0 (_vgnU_ifunc_wrapper)
--18152-- REDIR: 0x48f5180 (libc.so.6:stpcpy) redirected to 0x48391d0 (_vgnU_ifunc_wrapper)
--18152-- REDIR: 0x48f6740 (libc.so.6:strchrnul) redirected to 0x48391d0 (_vgnU_ifunc_wrapper)
--18152-- REDIR: 0x48f5330 (libc.so.6:strncasecmp_l) redirected to 0x48391d0 (_vgnU_ifunc_wrapper)
--18152-- REDIR: 0x49d7d60 (libc.so.6:__strrchr_avx2) redirected to 0x4844a10 (rindex)
--18152-- REDIR: 0x48ef130 (libc.so.6:malloc) redirected to 0x4841780 (malloc)
--18152-- REDIR: 0x48f4a20 (libc.so.6:__GI_strstr) redirected to 0x4849ca0 (__strstr_sse2)
--18152-- REDIR: 0x49db3d0 (libc.so.6:__memset_avx2_unaligned_erms) redirected to 0x48488e0 (memset)
--18152-- REDIR: 0x49d4060 (libc.so.6:__rawmemchr_avx2) redirected to 0x4849580 (rawmemchr)
--18152-- REDIR: 0x49d3420 (libc.so.6:__strcmp_avx2) redirected to 0x4845ed0 (strcmp)
--18152-- REDIR: 0x49d9470 (libc.so.6:__strcpy_avx2) redirected to 0x4845090 (strcpy)
--18152-- REDIR: 0x49d7f30 (libc.so.6:__strlen_avx2) redirected to 0x4844f40 (strlen)
--18152-- REDIR: 0x48ef740 (libc.so.6:free) redirected to 0x48429d0 (free)
--18152-- REDIR: 0x49daf20 (libc.so.6:__mempcpy_avx_unaligned_erms) redirected to 0x4849660 (mempcpy)
--18152-- REDIR: 0x49d7b70 (libc.so.6:__strchrnul_avx2) redirected to 0x4849540 (strchrnul)
==18152== Conditional jump or move depends on uninitialised value(s)
==18152==    at 0x4844F49: strlen (in /usr/lib/x86_64-linux-gnu/valgrind/vgpreload_memcheck-amd64-linux.so)
==18152==    by 0x48CE2D7: __vfprintf_internal (vfprintf-internal.c:1647)
==18152==    by 0x48B770E: printf (printf.c:33)
==18152==    by 0x10BC10: print_annotated (structures.c:550)
==18152==    by 0x10BC5D: print_annotated (structures.c:559)
==18152==    by 0x10BC5D: print_annotated (structures.c:559)
==18152==    by 0x10BC5D: print_annotated (structures.c:559)
==18152==    by 0x10BC5D: print_annotated (structures.c:559)
==18152==    by 0x10BC5D: print_annotated (structures.c:559)
==18152==    by 0x10B9F6: print_annotated_tree (structures.c:529)
==18152==    by 0x10F5AB: main (syn.y:793)
==18152==  Uninitialised value was created by a heap allocation
==18152==    at 0x48417F3: malloc (in /usr/lib/x86_64-linux-gnu/valgrind/vgpreload_memcheck-amd64-linux.so)
==18152==    by 0x10AEC3: token_to_node (structures.c:312)
==18152==    by 0x10B043: add_tree_token_node (structures.c:322)
==18152==    by 0x10E0BA: yyparse (syn.y:580)
==18152==    by 0x10F591: main (syn.y:786)
==18152== 
==18152== Conditional jump or move depends on uninitialised value(s)
==18152==    at 0x4844F49: strlen (in /usr/lib/x86_64-linux-gnu/valgrind/vgpreload_memcheck-amd64-linux.so)
==18152==    by 0x48CE2D7: __vfprintf_internal (vfprintf-internal.c:1647)
==18152==    by 0x48B770E: printf (printf.c:33)
==18152==    by 0x10BAC8: print_annotated (structures.c:543)
==18152==    by 0x10BC5D: print_annotated (structures.c:559)
==18152==    by 0x10BC5D: print_annotated (structures.c:559)
==18152==    by 0x10BC5D: print_annotated (structures.c:559)
==18152==    by 0x10BC5D: print_annotated (structures.c:559)
==18152==    by 0x10BC5D: print_annotated (structures.c:559)
==18152==    by 0x10BC5D: print_annotated (structures.c:559)
==18152==    by 0x10BC5D: print_annotated (structures.c:559)
==18152==    by 0x10B9F6: print_annotated_tree (structures.c:529)
==18152==  Uninitialised value was created by a heap allocation
==18152==    at 0x48417F3: malloc (in /usr/lib/x86_64-linux-gnu/valgrind/vgpreload_memcheck-amd64-linux.so)
==18152==    by 0x10AEC3: token_to_node (structures.c:312)
==18152==    by 0x10B043: add_tree_token_node (structures.c:322)
==18152==    by 0x10D8CA: yyparse (syn.y:361)
==18152==    by 0x10F591: main (syn.y:786)
==18152== 
==18152== Conditional jump or move depends on uninitialised value(s)
==18152==    at 0x4844F49: strlen (in /usr/lib/x86_64-linux-gnu/valgrind/vgpreload_memcheck-amd64-linux.so)
==18152==    by 0x48CE2D7: __vfprintf_internal (vfprintf-internal.c:1647)
==18152==    by 0x48B770E: printf (printf.c:33)
==18152==    by 0x10BBB6: print_annotated (structures.c:547)
==18152==    by 0x10BC5D: print_annotated (structures.c:559)
==18152==    by 0x10BC5D: print_annotated (structures.c:559)
==18152==    by 0x10BC5D: print_annotated (structures.c:559)
==18152==    by 0x10BC5D: print_annotated (structures.c:559)
==18152==    by 0x10BC5D: print_annotated (structures.c:559)
==18152==    by 0x10BC5D: print_annotated (structures.c:559)
==18152==    by 0x10BC5D: print_annotated (structures.c:559)
==18152==    by 0x10BC5D: print_annotated (structures.c:559)
==18152==  Uninitialised value was created by a heap allocation
==18152==    at 0x48417F3: malloc (in /usr/lib/x86_64-linux-gnu/valgrind/vgpreload_memcheck-amd64-linux.so)
==18152==    by 0x10AEC3: token_to_node (structures.c:312)
==18152==    by 0x10B043: add_tree_token_node (structures.c:322)
==18152==    by 0x10E004: yyparse (syn.y:552)
==18152==    by 0x10F591: main (syn.y:786)
==18152== 
==18152== Conditional jump or move depends on uninitialised value(s)
==18152==    at 0x4844F49: strlen (in /usr/lib/x86_64-linux-gnu/valgrind/vgpreload_memcheck-amd64-linux.so)
==18152==    by 0x48CE2D7: __vfprintf_internal (vfprintf-internal.c:1647)
==18152==    by 0x48B770E: printf (printf.c:33)
==18152==    by 0x10BB3F: print_annotated (structures.c:545)
==18152==    by 0x10BC5D: print_annotated (structures.c:559)
==18152==    by 0x10BC5D: print_annotated (structures.c:559)
==18152==    by 0x10BC5D: print_annotated (structures.c:559)
==18152==    by 0x10BC5D: print_annotated (structures.c:559)
==18152==    by 0x10BC5D: print_annotated (structures.c:559)
==18152==    by 0x10BC5D: print_annotated (structures.c:559)
==18152==    by 0x10BC5D: print_annotated (structures.c:559)
==18152==    by 0x10BC5D: print_annotated (structures.c:559)
==18152==  Uninitialised value was created by a heap allocation
==18152==    at 0x48417F3: malloc (in /usr/lib/x86_64-linux-gnu/valgrind/vgpreload_memcheck-amd64-linux.so)
==18152==    by 0x10AEC3: token_to_node (structures.c:312)
==18152==    by 0x10B043: add_tree_token_node (structures.c:322)
==18152==    by 0x10DFD0: yyparse (syn.y:548)
==18152==    by 0x10F591: main (syn.y:786)
==18152== 
==18152== 
==18152== HEAP SUMMARY:
==18152==     in use at exit: 0 bytes in 0 blocks
==18152==   total heap usage: 186 allocs, 186 frees, 42,466 bytes allocated
==18152== 
==18152== All heap blocks were freed -- no leaks are possible
==18152== 
==18152== ERROR SUMMARY: 26 errors from 4 contexts (suppressed: 0 from 0)
==18152== 
==18152== 1 errors in context 1 of 4:
==18152== Conditional jump or move depends on uninitialised value(s)
==18152==    at 0x4844F49: strlen (in /usr/lib/x86_64-linux-gnu/valgrind/vgpreload_memcheck-amd64-linux.so)
==18152==    by 0x48CE2D7: __vfprintf_internal (vfprintf-internal.c:1647)
==18152==    by 0x48B770E: printf (printf.c:33)
==18152==    by 0x10BBB6: print_annotated (structures.c:547)
==18152==    by 0x10BC5D: print_annotated (structures.c:559)
==18152==    by 0x10BC5D: print_annotated (structures.c:559)
==18152==    by 0x10BC5D: print_annotated (structures.c:559)
==18152==    by 0x10BC5D: print_annotated (structures.c:559)
==18152==    by 0x10BC5D: print_annotated (structures.c:559)
==18152==    by 0x10BC5D: print_annotated (structures.c:559)
==18152==    by 0x10BC5D: print_annotated (structures.c:559)
==18152==    by 0x10BC5D: print_annotated (structures.c:559)
==18152==  Uninitialised value was created by a heap allocation
==18152==    at 0x48417F3: malloc (in /usr/lib/x86_64-linux-gnu/valgrind/vgpreload_memcheck-amd64-linux.so)
==18152==    by 0x10AEC3: token_to_node (structures.c:312)
==18152==    by 0x10B043: add_tree_token_node (structures.c:322)
==18152==    by 0x10E004: yyparse (syn.y:552)
==18152==    by 0x10F591: main (syn.y:786)
==18152== 
==18152== 
==18152== 2 errors in context 2 of 4:
==18152== Conditional jump or move depends on uninitialised value(s)
==18152==    at 0x4844F49: strlen (in /usr/lib/x86_64-linux-gnu/valgrind/vgpreload_memcheck-amd64-linux.so)
==18152==    by 0x48CE2D7: __vfprintf_internal (vfprintf-internal.c:1647)
==18152==    by 0x48B770E: printf (printf.c:33)
==18152==    by 0x10BB3F: print_annotated (structures.c:545)
==18152==    by 0x10BC5D: print_annotated (structures.c:559)
==18152==    by 0x10BC5D: print_annotated (structures.c:559)
==18152==    by 0x10BC5D: print_annotated (structures.c:559)
==18152==    by 0x10BC5D: print_annotated (structures.c:559)
==18152==    by 0x10BC5D: print_annotated (structures.c:559)
==18152==    by 0x10BC5D: print_annotated (structures.c:559)
==18152==    by 0x10BC5D: print_annotated (structures.c:559)
==18152==    by 0x10BC5D: print_annotated (structures.c:559)
==18152==  Uninitialised value was created by a heap allocation
==18152==    at 0x48417F3: malloc (in /usr/lib/x86_64-linux-gnu/valgrind/vgpreload_memcheck-amd64-linux.so)
==18152==    by 0x10AEC3: token_to_node (structures.c:312)
==18152==    by 0x10B043: add_tree_token_node (structures.c:322)
==18152==    by 0x10DFD0: yyparse (syn.y:548)
==18152==    by 0x10F591: main (syn.y:786)
==18152== 
==18152== 
==18152== 8 errors in context 3 of 4:
==18152== Conditional jump or move depends on uninitialised value(s)
==18152==    at 0x4844F49: strlen (in /usr/lib/x86_64-linux-gnu/valgrind/vgpreload_memcheck-amd64-linux.so)
==18152==    by 0x48CE2D7: __vfprintf_internal (vfprintf-internal.c:1647)
==18152==    by 0x48B770E: printf (printf.c:33)
==18152==    by 0x10BAC8: print_annotated (structures.c:543)
==18152==    by 0x10BC5D: print_annotated (structures.c:559)
==18152==    by 0x10BC5D: print_annotated (structures.c:559)
==18152==    by 0x10BC5D: print_annotated (structures.c:559)
==18152==    by 0x10BC5D: print_annotated (structures.c:559)
==18152==    by 0x10BC5D: print_annotated (structures.c:559)
==18152==    by 0x10BC5D: print_annotated (structures.c:559)
==18152==    by 0x10BC5D: print_annotated (structures.c:559)
==18152==    by 0x10B9F6: print_annotated_tree (structures.c:529)
==18152==  Uninitialised value was created by a heap allocation
==18152==    at 0x48417F3: malloc (in /usr/lib/x86_64-linux-gnu/valgrind/vgpreload_memcheck-amd64-linux.so)
==18152==    by 0x10AEC3: token_to_node (structures.c:312)
==18152==    by 0x10B043: add_tree_token_node (structures.c:322)
==18152==    by 0x10D8CA: yyparse (syn.y:361)
==18152==    by 0x10F591: main (syn.y:786)
==18152== 
==18152== 
==18152== 15 errors in context 4 of 4:
==18152== Conditional jump or move depends on uninitialised value(s)
==18152==    at 0x4844F49: strlen (in /usr/lib/x86_64-linux-gnu/valgrind/vgpreload_memcheck-amd64-linux.so)
==18152==    by 0x48CE2D7: __vfprintf_internal (vfprintf-internal.c:1647)
==18152==    by 0x48B770E: printf (printf.c:33)
==18152==    by 0x10BC10: print_annotated (structures.c:550)
==18152==    by 0x10BC5D: print_annotated (structures.c:559)
==18152==    by 0x10BC5D: print_annotated (structures.c:559)
==18152==    by 0x10BC5D: print_annotated (structures.c:559)
==18152==    by 0x10BC5D: print_annotated (structures.c:559)
==18152==    by 0x10BC5D: print_annotated (structures.c:559)
==18152==    by 0x10B9F6: print_annotated_tree (structures.c:529)
==18152==    by 0x10F5AB: main (syn.y:793)
==18152==  Uninitialised value was created by a heap allocation
==18152==    at 0x48417F3: malloc (in /usr/lib/x86_64-linux-gnu/valgrind/vgpreload_memcheck-amd64-linux.so)
==18152==    by 0x10AEC3: token_to_node (structures.c:312)
==18152==    by 0x10B043: add_tree_token_node (structures.c:322)
==18152==    by 0x10E0BA: yyparse (syn.y:580)
==18152==    by 0x10F591: main (syn.y:786)
==18152== 
==18152== ERROR SUMMARY: 26 errors from 4 contexts (suppressed: 0 from 0)
