==32629== Memcheck, a memory error detector
==32629== Copyright (C) 2002-2017, and GNU GPL'd, by Julian Seward et al.
==32629== Using Valgrind-3.15.0-608cb11914-20190413 and LibVEX; rerun with -h for copyright info
==32629== Command: ./tradutor tests/test_professora.c
==32629== Parent PID: 32628
==32629== 
--32629-- 
--32629-- Valgrind options:
--32629--    -v
--32629--    --tool=memcheck
--32629--    --leak-check=full
--32629--    --log-file=logfile.out
--32629--    --show-leak-kinds=all
--32629--    --track-origins=yes
--32629-- Contents of /proc/version:
--32629--   Linux version 5.10.16.3-microsoft-standard-WSL2 (oe-user@oe-host) (x86_64-msft-linux-gcc (GCC) 9.3.0, GNU ld (GNU Binutils) 2.34.0.20200220) #1 SMP Fri Apr 2 22:23:49 UTC 2021
--32629-- 
--32629-- Arch and hwcaps: AMD64, LittleEndian, amd64-cx16-lzcnt-rdtscp-sse3-ssse3-avx-avx2-bmi-f16c-rdrand
--32629-- Page sizes: currently 4096, max supported 4096
--32629-- Valgrind library directory: /usr/lib/x86_64-linux-gnu/valgrind
--32629-- Reading syms from /mnt/c/Users/cella/OneDrive/Documentos/UnB/Tradutores/translator-project/semantic-analyzer/tradutor
--32629-- Reading syms from /usr/lib/x86_64-linux-gnu/ld-2.33.so
--32629--   Considering /usr/lib/x86_64-linux-gnu/ld-2.33.so ..
--32629--   .. CRC mismatch (computed 425b6850 wanted cee0dc4c)
--32629--   Considering /lib/x86_64-linux-gnu/ld-2.33.so ..
--32629--   .. CRC mismatch (computed 425b6850 wanted cee0dc4c)
--32629--   Considering /usr/lib/debug/lib/x86_64-linux-gnu/ld-2.33.so ..
--32629--   .. CRC is valid
--32629-- Reading syms from /usr/lib/x86_64-linux-gnu/valgrind/memcheck-amd64-linux
--32629--    object doesn't have a symbol table
--32629--    object doesn't have a dynamic symbol table
--32629-- Scheduler: using generic scheduler lock implementation.
--32629-- Reading suppressions file: /usr/lib/x86_64-linux-gnu/valgrind/default.supp
==32629== embedded gdbserver: reading from /tmp/vgdb-pipe-from-vgdb-to-32629-by-marcella-on-???
==32629== embedded gdbserver: writing to   /tmp/vgdb-pipe-to-vgdb-from-32629-by-marcella-on-???
==32629== embedded gdbserver: shared mem   /tmp/vgdb-pipe-shared-mem-vgdb-32629-by-marcella-on-???
==32629== 
==32629== TO CONTROL THIS PROCESS USING vgdb (which you probably
==32629== don't want to do, unless you know exactly what you're doing,
==32629== or are doing some strange experiment):
==32629==   /usr/lib/x86_64-linux-gnu/valgrind/../../bin/vgdb --pid=32629 ...command...
==32629== 
==32629== TO DEBUG THIS PROCESS USING GDB: start GDB like this
==32629==   /path/to/gdb ./tradutor
==32629== and then give GDB the following command
==32629==   target remote | /usr/lib/x86_64-linux-gnu/valgrind/../../bin/vgdb --pid=32629
==32629== --pid is optional if only one valgrind process is running
==32629== 
--32629-- REDIR: 0x40276d0 (ld-linux-x86-64.so.2:strlen) redirected to 0x580c9ce2 (???)
--32629-- REDIR: 0x40274a0 (ld-linux-x86-64.so.2:index) redirected to 0x580c9cfc (???)
--32629-- Reading syms from /usr/lib/x86_64-linux-gnu/valgrind/vgpreload_core-amd64-linux.so
--32629--    object doesn't have a symbol table
--32629-- Reading syms from /usr/lib/x86_64-linux-gnu/valgrind/vgpreload_memcheck-amd64-linux.so
--32629--    object doesn't have a symbol table
==32629== WARNING: new redirection conflicts with existing -- ignoring it
--32629--     old: 0x040276d0 (strlen              ) R-> (0000.0) 0x580c9ce2 ???
--32629--     new: 0x040276d0 (strlen              ) R-> (2007.0) 0x04845060 strlen
--32629-- REDIR: 0x4023eb0 (ld-linux-x86-64.so.2:strcmp) redirected to 0x4845fd0 (strcmp)
--32629-- REDIR: 0x4027c30 (ld-linux-x86-64.so.2:mempcpy) redirected to 0x4849a20 (mempcpy)
--32629-- Reading syms from /usr/lib/x86_64-linux-gnu/libc-2.33.so
--32629--   Considering /usr/lib/x86_64-linux-gnu/libc-2.33.so ..
--32629--   .. CRC mismatch (computed 31fcf0a5 wanted 9eb4d521)
--32629--   Considering /lib/x86_64-linux-gnu/libc-2.33.so ..
--32629--   .. CRC mismatch (computed 31fcf0a5 wanted 9eb4d521)
--32629--   Considering /usr/lib/debug/lib/x86_64-linux-gnu/libc-2.33.so ..
--32629--   .. CRC is valid
--32629-- REDIR: 0x48f4f00 (libc.so.6:memmove) redirected to 0x48391d0 (_vgnU_ifunc_wrapper)
--32629-- REDIR: 0x48f43a0 (libc.so.6:strncpy) redirected to 0x48391d0 (_vgnU_ifunc_wrapper)
--32629-- REDIR: 0x48f5240 (libc.so.6:strcasecmp) redirected to 0x48391d0 (_vgnU_ifunc_wrapper)
--32629-- REDIR: 0x48f3e50 (libc.so.6:strcat) redirected to 0x48391d0 (_vgnU_ifunc_wrapper)
--32629-- REDIR: 0x48f4400 (libc.so.6:rindex) redirected to 0x48391d0 (_vgnU_ifunc_wrapper)
--32629-- REDIR: 0x48f6700 (libc.so.6:rawmemchr) redirected to 0x48391d0 (_vgnU_ifunc_wrapper)
--32629-- REDIR: 0x4910830 (libc.so.6:wmemchr) redirected to 0x48391d0 (_vgnU_ifunc_wrapper)
--32629-- REDIR: 0x4910370 (libc.so.6:wcscmp) redirected to 0x48391d0 (_vgnU_ifunc_wrapper)
--32629-- REDIR: 0x48f5060 (libc.so.6:mempcpy) redirected to 0x48391d0 (_vgnU_ifunc_wrapper)
--32629-- REDIR: 0x48f4e90 (libc.so.6:bcmp) redirected to 0x48391d0 (_vgnU_ifunc_wrapper)
--32629-- REDIR: 0x48f4340 (libc.so.6:strncmp) redirected to 0x48391d0 (_vgnU_ifunc_wrapper)
--32629-- REDIR: 0x48f3f00 (libc.so.6:strcmp) redirected to 0x48391d0 (_vgnU_ifunc_wrapper)
--32629-- REDIR: 0x48f4fd0 (libc.so.6:memset) redirected to 0x48391d0 (_vgnU_ifunc_wrapper)
--32629-- REDIR: 0x4910330 (libc.so.6:wcschr) redirected to 0x48391d0 (_vgnU_ifunc_wrapper)
--32629-- REDIR: 0x48f42a0 (libc.so.6:strnlen) redirected to 0x48391d0 (_vgnU_ifunc_wrapper)
--32629-- REDIR: 0x48f3fe0 (libc.so.6:strcspn) redirected to 0x48391d0 (_vgnU_ifunc_wrapper)
--32629-- REDIR: 0x48f5290 (libc.so.6:strncasecmp) redirected to 0x48391d0 (_vgnU_ifunc_wrapper)
--32629-- REDIR: 0x48f3f80 (libc.so.6:strcpy) redirected to 0x48391d0 (_vgnU_ifunc_wrapper)
--32629-- REDIR: 0x48f53e0 (libc.so.6:memcpy@@GLIBC_2.14) redirected to 0x48391d0 (_vgnU_ifunc_wrapper)
--32629-- REDIR: 0x4911ab0 (libc.so.6:wcsnlen) redirected to 0x48391d0 (_vgnU_ifunc_wrapper)
--32629-- REDIR: 0x49103b0 (libc.so.6:wcscpy) redirected to 0x48391d0 (_vgnU_ifunc_wrapper)
--32629-- REDIR: 0x48f4440 (libc.so.6:strpbrk) redirected to 0x48391d0 (_vgnU_ifunc_wrapper)
--32629-- REDIR: 0x48f3eb0 (libc.so.6:index) redirected to 0x48391d0 (_vgnU_ifunc_wrapper)
--32629-- REDIR: 0x48f4260 (libc.so.6:strlen) redirected to 0x48391d0 (_vgnU_ifunc_wrapper)
--32629-- REDIR: 0x48fcc20 (libc.so.6:memrchr) redirected to 0x48391d0 (_vgnU_ifunc_wrapper)
--32629-- REDIR: 0x48f52e0 (libc.so.6:strcasecmp_l) redirected to 0x48391d0 (_vgnU_ifunc_wrapper)
--32629-- REDIR: 0x48f4e50 (libc.so.6:memchr) redirected to 0x48391d0 (_vgnU_ifunc_wrapper)
--32629-- REDIR: 0x4910480 (libc.so.6:wcslen) redirected to 0x48391d0 (_vgnU_ifunc_wrapper)
--32629-- REDIR: 0x48f4560 (libc.so.6:strspn) redirected to 0x48391d0 (_vgnU_ifunc_wrapper)
--32629-- REDIR: 0x48f51e0 (libc.so.6:stpncpy) redirected to 0x48391d0 (_vgnU_ifunc_wrapper)
--32629-- REDIR: 0x48f5180 (libc.so.6:stpcpy) redirected to 0x48391d0 (_vgnU_ifunc_wrapper)
--32629-- REDIR: 0x48f6740 (libc.so.6:strchrnul) redirected to 0x48391d0 (_vgnU_ifunc_wrapper)
--32629-- REDIR: 0x48f5330 (libc.so.6:strncasecmp_l) redirected to 0x48391d0 (_vgnU_ifunc_wrapper)
--32629-- REDIR: 0x49d7d60 (libc.so.6:__strrchr_avx2) redirected to 0x4844a10 (rindex)
--32629-- REDIR: 0x48ef130 (libc.so.6:malloc) redirected to 0x4841780 (malloc)
--32629-- REDIR: 0x48f4a20 (libc.so.6:__GI_strstr) redirected to 0x4849ca0 (__strstr_sse2)
--32629-- REDIR: 0x49db3d0 (libc.so.6:__memset_avx2_unaligned_erms) redirected to 0x48488e0 (memset)
--32629-- REDIR: 0x49d4060 (libc.so.6:__rawmemchr_avx2) redirected to 0x4849580 (rawmemchr)
--32629-- REDIR: 0x49d3420 (libc.so.6:__strcmp_avx2) redirected to 0x4845ed0 (strcmp)
--32629-- REDIR: 0x49d9470 (libc.so.6:__strcpy_avx2) redirected to 0x4845090 (strcpy)
==32629== Conditional jump or move depends on uninitialised value(s)
==32629==    at 0x4845EDC: strcmp (in /usr/lib/x86_64-linux-gnu/valgrind/vgpreload_memcheck-amd64-linux.so)
==32629==    by 0x10B923: get_type (structures.c:471)
==32629==    by 0x10DC8E: yyparse (syn.y:220)
==32629==    by 0x110143: main (syn.y:749)
==32629==  Uninitialised value was created by a stack allocation
==32629==    at 0x10B7A4: get_type (structures.c:460)
==32629== 
==32629== Conditional jump or move depends on uninitialised value(s)
==32629==    at 0x10B926: get_type (structures.c:471)
==32629==    by 0x10DC8E: yyparse (syn.y:220)
==32629==    by 0x110143: main (syn.y:749)
==32629==  Uninitialised value was created by a stack allocation
==32629==    at 0x10B7A4: get_type (structures.c:460)
==32629== 
==32629== Invalid read of size 1
==32629==    at 0x4845094: strcpy (in /usr/lib/x86_64-linux-gnu/valgrind/vgpreload_memcheck-amd64-linux.so)
==32629==    by 0x10DCB2: yyparse (syn.y:220)
==32629==    by 0x110143: main (syn.y:749)
==32629==  Address 0x1ffeff3ce0 is on thread 1's stack
==32629==  2024 bytes below stack pointer
==32629== 
==32629== Invalid read of size 1
==32629==    at 0x48450B2: strcpy (in /usr/lib/x86_64-linux-gnu/valgrind/vgpreload_memcheck-amd64-linux.so)
==32629==    by 0x10DCB2: yyparse (syn.y:220)
==32629==    by 0x110143: main (syn.y:749)
==32629==  Address 0x1ffeff3ce1 is on thread 1's stack
==32629==  2023 bytes below stack pointer
==32629== 
--32629-- REDIR: 0x48ef740 (libc.so.6:free) redirected to 0x48429d0 (free)
==32629== Invalid read of size 1
==32629==    at 0x4845094: strcpy (in /usr/lib/x86_64-linux-gnu/valgrind/vgpreload_memcheck-amd64-linux.so)
==32629==    by 0x10E501: yyparse (syn.y:431)
==32629==    by 0x110143: main (syn.y:749)
==32629==  Address 0x1ffeff3ce0 is on thread 1's stack
==32629==  2024 bytes below stack pointer
==32629== 
==32629== Invalid read of size 1
==32629==    at 0x48450B2: strcpy (in /usr/lib/x86_64-linux-gnu/valgrind/vgpreload_memcheck-amd64-linux.so)
==32629==    by 0x10E501: yyparse (syn.y:431)
==32629==    by 0x110143: main (syn.y:749)
==32629==  Address 0x1ffeff3ce1 is on thread 1's stack
==32629==  2023 bytes below stack pointer
==32629== 
--32629-- REDIR: 0x49d7f30 (libc.so.6:__strlen_avx2) redirected to 0x4844f40 (strlen)
--32629-- REDIR: 0x49daf20 (libc.so.6:__mempcpy_avx_unaligned_erms) redirected to 0x4849660 (mempcpy)
--32629-- REDIR: 0x49d7b70 (libc.so.6:__strchrnul_avx2) redirected to 0x4849540 (strchrnul)
==32629== Conditional jump or move depends on uninitialised value(s)
==32629==    at 0x4844F49: strlen (in /usr/lib/x86_64-linux-gnu/valgrind/vgpreload_memcheck-amd64-linux.so)
==32629==    by 0x48CE2D7: __vfprintf_internal (vfprintf-internal.c:1647)
==32629==    by 0x48B770E: printf (printf.c:33)
==32629==    by 0x10BEEA: print_annotated (structures.c:560)
==32629==    by 0x10BF37: print_annotated (structures.c:569)
==32629==    by 0x10BF37: print_annotated (structures.c:569)
==32629==    by 0x10BF37: print_annotated (structures.c:569)
==32629==    by 0x10BF37: print_annotated (structures.c:569)
==32629==    by 0x10BF37: print_annotated (structures.c:569)
==32629==    by 0x10BCC9: print_annotated_tree (structures.c:540)
==32629==    by 0x11015D: main (syn.y:756)
==32629==  Uninitialised value was created by a heap allocation
==32629==    at 0x48417F3: malloc (in /usr/lib/x86_64-linux-gnu/valgrind/vgpreload_memcheck-amd64-linux.so)
==32629==    by 0x10B2FE: token_to_node (structures.c:367)
==32629==    by 0x10B48A: add_tree_token_node (structures.c:377)
==32629==    by 0x10DDA9: yyparse (syn.y:246)
==32629==    by 0x110143: main (syn.y:749)
==32629== 
==32629== Conditional jump or move depends on uninitialised value(s)
==32629==    at 0x4844F49: strlen (in /usr/lib/x86_64-linux-gnu/valgrind/vgpreload_memcheck-amd64-linux.so)
==32629==    by 0x48CE2D7: __vfprintf_internal (vfprintf-internal.c:1647)
==32629==    by 0x48B770E: printf (printf.c:33)
==32629==    by 0x10BE89: print_annotated (structures.c:558)
==32629==    by 0x10BF37: print_annotated (structures.c:569)
==32629==    by 0x10BF37: print_annotated (structures.c:569)
==32629==    by 0x10BF37: print_annotated (structures.c:569)
==32629==    by 0x10BF37: print_annotated (structures.c:569)
==32629==    by 0x10BF37: print_annotated (structures.c:569)
==32629==    by 0x10BF37: print_annotated (structures.c:569)
==32629==    by 0x10BF37: print_annotated (structures.c:569)
==32629==    by 0x10BF37: print_annotated (structures.c:569)
==32629==  Uninitialised value was created by a heap allocation
==32629==    at 0x48417F3: malloc (in /usr/lib/x86_64-linux-gnu/valgrind/vgpreload_memcheck-amd64-linux.so)
==32629==    by 0x10B2FE: token_to_node (structures.c:367)
==32629==    by 0x10B48A: add_tree_token_node (structures.c:377)
==32629==    by 0x10F47F: yyparse (syn.y:684)
==32629==    by 0x110143: main (syn.y:749)
==32629== 
==32629== Conditional jump or move depends on uninitialised value(s)
==32629==    at 0x4844F49: strlen (in /usr/lib/x86_64-linux-gnu/valgrind/vgpreload_memcheck-amd64-linux.so)
==32629==    by 0x48CE2D7: __vfprintf_internal (vfprintf-internal.c:1647)
==32629==    by 0x48B770E: printf (printf.c:33)
==32629==    by 0x10BE12: print_annotated (structures.c:556)
==32629==    by 0x10BF37: print_annotated (structures.c:569)
==32629==    by 0x10BF37: print_annotated (structures.c:569)
==32629==    by 0x10BF37: print_annotated (structures.c:569)
==32629==    by 0x10BF37: print_annotated (structures.c:569)
==32629==    by 0x10BF37: print_annotated (structures.c:569)
==32629==    by 0x10BF37: print_annotated (structures.c:569)
==32629==    by 0x10BF37: print_annotated (structures.c:569)
==32629==    by 0x10BF37: print_annotated (structures.c:569)
==32629==  Uninitialised value was created by a heap allocation
==32629==    at 0x48417F3: malloc (in /usr/lib/x86_64-linux-gnu/valgrind/vgpreload_memcheck-amd64-linux.so)
==32629==    by 0x10B2FE: token_to_node (structures.c:367)
==32629==    by 0x10B48A: add_tree_token_node (structures.c:377)
==32629==    by 0x10F44B: yyparse (syn.y:680)
==32629==    by 0x110143: main (syn.y:749)
==32629== 
==32629== 
==32629== HEAP SUMMARY:
==32629==     in use at exit: 0 bytes in 0 blocks
==32629==   total heap usage: 658 allocs, 658 frees, 105,618 bytes allocated
==32629== 
==32629== All heap blocks were freed -- no leaks are possible
==32629== 
==32629== ERROR SUMMARY: 206 errors from 9 contexts (suppressed: 0 from 0)
==32629== 
==32629== 1 errors in context 1 of 9:
==32629== Conditional jump or move depends on uninitialised value(s)
==32629==    at 0x4844F49: strlen (in /usr/lib/x86_64-linux-gnu/valgrind/vgpreload_memcheck-amd64-linux.so)
==32629==    by 0x48CE2D7: __vfprintf_internal (vfprintf-internal.c:1647)
==32629==    by 0x48B770E: printf (printf.c:33)
==32629==    by 0x10BE89: print_annotated (structures.c:558)
==32629==    by 0x10BF37: print_annotated (structures.c:569)
==32629==    by 0x10BF37: print_annotated (structures.c:569)
==32629==    by 0x10BF37: print_annotated (structures.c:569)
==32629==    by 0x10BF37: print_annotated (structures.c:569)
==32629==    by 0x10BF37: print_annotated (structures.c:569)
==32629==    by 0x10BF37: print_annotated (structures.c:569)
==32629==    by 0x10BF37: print_annotated (structures.c:569)
==32629==    by 0x10BF37: print_annotated (structures.c:569)
==32629==  Uninitialised value was created by a heap allocation
==32629==    at 0x48417F3: malloc (in /usr/lib/x86_64-linux-gnu/valgrind/vgpreload_memcheck-amd64-linux.so)
==32629==    by 0x10B2FE: token_to_node (structures.c:367)
==32629==    by 0x10B48A: add_tree_token_node (structures.c:377)
==32629==    by 0x10F47F: yyparse (syn.y:684)
==32629==    by 0x110143: main (syn.y:749)
==32629== 
==32629== 
==32629== 4 errors in context 2 of 9:
==32629== Invalid read of size 1
==32629==    at 0x4845094: strcpy (in /usr/lib/x86_64-linux-gnu/valgrind/vgpreload_memcheck-amd64-linux.so)
==32629==    by 0x10E501: yyparse (syn.y:431)
==32629==    by 0x110143: main (syn.y:749)
==32629==  Address 0x1ffeff3ce0 is on thread 1's stack
==32629==  2024 bytes below stack pointer
==32629== 
==32629== 
==32629== 6 errors in context 3 of 9:
==32629== Conditional jump or move depends on uninitialised value(s)
==32629==    at 0x10B926: get_type (structures.c:471)
==32629==    by 0x10DC8E: yyparse (syn.y:220)
==32629==    by 0x110143: main (syn.y:749)
==32629==  Uninitialised value was created by a stack allocation
==32629==    at 0x10B7A4: get_type (structures.c:460)
==32629== 
==32629== 
==32629== 6 errors in context 4 of 9:
==32629== Conditional jump or move depends on uninitialised value(s)
==32629==    at 0x4845EDC: strcmp (in /usr/lib/x86_64-linux-gnu/valgrind/vgpreload_memcheck-amd64-linux.so)
==32629==    by 0x10B923: get_type (structures.c:471)
==32629==    by 0x10DC8E: yyparse (syn.y:220)
==32629==    by 0x110143: main (syn.y:749)
==32629==  Uninitialised value was created by a stack allocation
==32629==    at 0x10B7A4: get_type (structures.c:460)
==32629== 
==32629== 
==32629== 7 errors in context 5 of 9:
==32629== Conditional jump or move depends on uninitialised value(s)
==32629==    at 0x4844F49: strlen (in /usr/lib/x86_64-linux-gnu/valgrind/vgpreload_memcheck-amd64-linux.so)
==32629==    by 0x48CE2D7: __vfprintf_internal (vfprintf-internal.c:1647)
==32629==    by 0x48B770E: printf (printf.c:33)
==32629==    by 0x10BE12: print_annotated (structures.c:556)
==32629==    by 0x10BF37: print_annotated (structures.c:569)
==32629==    by 0x10BF37: print_annotated (structures.c:569)
==32629==    by 0x10BF37: print_annotated (structures.c:569)
==32629==    by 0x10BF37: print_annotated (structures.c:569)
==32629==    by 0x10BF37: print_annotated (structures.c:569)
==32629==    by 0x10BF37: print_annotated (structures.c:569)
==32629==    by 0x10BF37: print_annotated (structures.c:569)
==32629==    by 0x10BF37: print_annotated (structures.c:569)
==32629==  Uninitialised value was created by a heap allocation
==32629==    at 0x48417F3: malloc (in /usr/lib/x86_64-linux-gnu/valgrind/vgpreload_memcheck-amd64-linux.so)
==32629==    by 0x10B2FE: token_to_node (structures.c:367)
==32629==    by 0x10B48A: add_tree_token_node (structures.c:377)
==32629==    by 0x10F44B: yyparse (syn.y:680)
==32629==    by 0x110143: main (syn.y:749)
==32629== 
==32629== 
==32629== 16 errors in context 6 of 9:
==32629== Invalid read of size 1
==32629==    at 0x4845094: strcpy (in /usr/lib/x86_64-linux-gnu/valgrind/vgpreload_memcheck-amd64-linux.so)
==32629==    by 0x10DCB2: yyparse (syn.y:220)
==32629==    by 0x110143: main (syn.y:749)
==32629==  Address 0x1ffeff3ce0 is on thread 1's stack
==32629==  2024 bytes below stack pointer
==32629== 
==32629== 
==32629== 24 errors in context 7 of 9:
==32629== Invalid read of size 1
==32629==    at 0x48450B2: strcpy (in /usr/lib/x86_64-linux-gnu/valgrind/vgpreload_memcheck-amd64-linux.so)
==32629==    by 0x10E501: yyparse (syn.y:431)
==32629==    by 0x110143: main (syn.y:749)
==32629==  Address 0x1ffeff3ce1 is on thread 1's stack
==32629==  2023 bytes below stack pointer
==32629== 
==32629== 
==32629== 36 errors in context 8 of 9:
==32629== Conditional jump or move depends on uninitialised value(s)
==32629==    at 0x4844F49: strlen (in /usr/lib/x86_64-linux-gnu/valgrind/vgpreload_memcheck-amd64-linux.so)
==32629==    by 0x48CE2D7: __vfprintf_internal (vfprintf-internal.c:1647)
==32629==    by 0x48B770E: printf (printf.c:33)
==32629==    by 0x10BEEA: print_annotated (structures.c:560)
==32629==    by 0x10BF37: print_annotated (structures.c:569)
==32629==    by 0x10BF37: print_annotated (structures.c:569)
==32629==    by 0x10BF37: print_annotated (structures.c:569)
==32629==    by 0x10BF37: print_annotated (structures.c:569)
==32629==    by 0x10BF37: print_annotated (structures.c:569)
==32629==    by 0x10BCC9: print_annotated_tree (structures.c:540)
==32629==    by 0x11015D: main (syn.y:756)
==32629==  Uninitialised value was created by a heap allocation
==32629==    at 0x48417F3: malloc (in /usr/lib/x86_64-linux-gnu/valgrind/vgpreload_memcheck-amd64-linux.so)
==32629==    by 0x10B2FE: token_to_node (structures.c:367)
==32629==    by 0x10B48A: add_tree_token_node (structures.c:377)
==32629==    by 0x10DDA9: yyparse (syn.y:246)
==32629==    by 0x110143: main (syn.y:749)
==32629== 
==32629== 
==32629== 106 errors in context 9 of 9:
==32629== Invalid read of size 1
==32629==    at 0x48450B2: strcpy (in /usr/lib/x86_64-linux-gnu/valgrind/vgpreload_memcheck-amd64-linux.so)
==32629==    by 0x10DCB2: yyparse (syn.y:220)
==32629==    by 0x110143: main (syn.y:749)
==32629==  Address 0x1ffeff3ce1 is on thread 1's stack
==32629==  2023 bytes below stack pointer
==32629== 
==32629== ERROR SUMMARY: 206 errors from 9 contexts (suppressed: 0 from 0)
