==22840== Memcheck, a memory error detector
==22840== Copyright (C) 2002-2017, and GNU GPL'd, by Julian Seward et al.
==22840== Using Valgrind-3.15.0-608cb11914-20190413 and LibVEX; rerun with -h for copyright info
==22840== Command: ./tradutor tests/test_professora.c
==22840== Parent PID: 22839
==22840== 
--22840-- 
--22840-- Valgrind options:
--22840--    -v
--22840--    --tool=memcheck
--22840--    --leak-check=full
--22840--    --log-file=logfile.out
--22840--    --show-leak-kinds=all
--22840--    --track-origins=yes
--22840-- Contents of /proc/version:
--22840--   Linux version 5.10.16.3-microsoft-standard-WSL2 (oe-user@oe-host) (x86_64-msft-linux-gcc (GCC) 9.3.0, GNU ld (GNU Binutils) 2.34.0.20200220) #1 SMP Fri Apr 2 22:23:49 UTC 2021
--22840-- 
--22840-- Arch and hwcaps: AMD64, LittleEndian, amd64-cx16-lzcnt-rdtscp-sse3-ssse3-avx-avx2-bmi-f16c-rdrand
--22840-- Page sizes: currently 4096, max supported 4096
--22840-- Valgrind library directory: /usr/lib/x86_64-linux-gnu/valgrind
--22840-- Reading syms from /mnt/c/Users/cella/OneDrive/Documentos/UnB/Tradutores/translator-project/semantic-analyzer/tradutor
--22840-- Reading syms from /usr/lib/x86_64-linux-gnu/ld-2.33.so
--22840--   Considering /usr/lib/x86_64-linux-gnu/ld-2.33.so ..
--22840--   .. CRC mismatch (computed 425b6850 wanted cee0dc4c)
--22840--   Considering /lib/x86_64-linux-gnu/ld-2.33.so ..
--22840--   .. CRC mismatch (computed 425b6850 wanted cee0dc4c)
--22840--   Considering /usr/lib/debug/lib/x86_64-linux-gnu/ld-2.33.so ..
--22840--   .. CRC is valid
--22840-- Reading syms from /usr/lib/x86_64-linux-gnu/valgrind/memcheck-amd64-linux
--22840--    object doesn't have a symbol table
--22840--    object doesn't have a dynamic symbol table
--22840-- Scheduler: using generic scheduler lock implementation.
--22840-- Reading suppressions file: /usr/lib/x86_64-linux-gnu/valgrind/default.supp
==22840== embedded gdbserver: reading from /tmp/vgdb-pipe-from-vgdb-to-22840-by-marcella-on-???
==22840== embedded gdbserver: writing to   /tmp/vgdb-pipe-to-vgdb-from-22840-by-marcella-on-???
==22840== embedded gdbserver: shared mem   /tmp/vgdb-pipe-shared-mem-vgdb-22840-by-marcella-on-???
==22840== 
==22840== TO CONTROL THIS PROCESS USING vgdb (which you probably
==22840== don't want to do, unless you know exactly what you're doing,
==22840== or are doing some strange experiment):
==22840==   /usr/lib/x86_64-linux-gnu/valgrind/../../bin/vgdb --pid=22840 ...command...
==22840== 
==22840== TO DEBUG THIS PROCESS USING GDB: start GDB like this
==22840==   /path/to/gdb ./tradutor
==22840== and then give GDB the following command
==22840==   target remote | /usr/lib/x86_64-linux-gnu/valgrind/../../bin/vgdb --pid=22840
==22840== --pid is optional if only one valgrind process is running
==22840== 
--22840-- REDIR: 0x40276d0 (ld-linux-x86-64.so.2:strlen) redirected to 0x580c9ce2 (???)
--22840-- REDIR: 0x40274a0 (ld-linux-x86-64.so.2:index) redirected to 0x580c9cfc (???)
--22840-- Reading syms from /usr/lib/x86_64-linux-gnu/valgrind/vgpreload_core-amd64-linux.so
--22840--    object doesn't have a symbol table
--22840-- Reading syms from /usr/lib/x86_64-linux-gnu/valgrind/vgpreload_memcheck-amd64-linux.so
--22840--    object doesn't have a symbol table
==22840== WARNING: new redirection conflicts with existing -- ignoring it
--22840--     old: 0x040276d0 (strlen              ) R-> (0000.0) 0x580c9ce2 ???
--22840--     new: 0x040276d0 (strlen              ) R-> (2007.0) 0x04845060 strlen
--22840-- REDIR: 0x4023eb0 (ld-linux-x86-64.so.2:strcmp) redirected to 0x4845fd0 (strcmp)
--22840-- REDIR: 0x4027c30 (ld-linux-x86-64.so.2:mempcpy) redirected to 0x4849a20 (mempcpy)
--22840-- Reading syms from /usr/lib/x86_64-linux-gnu/libc-2.33.so
--22840--   Considering /usr/lib/x86_64-linux-gnu/libc-2.33.so ..
--22840--   .. CRC mismatch (computed 31fcf0a5 wanted 9eb4d521)
--22840--   Considering /lib/x86_64-linux-gnu/libc-2.33.so ..
--22840--   .. CRC mismatch (computed 31fcf0a5 wanted 9eb4d521)
--22840--   Considering /usr/lib/debug/lib/x86_64-linux-gnu/libc-2.33.so ..
--22840--   .. CRC is valid
--22840-- REDIR: 0x48f3f00 (libc.so.6:memmove) redirected to 0x48391d0 (_vgnU_ifunc_wrapper)
--22840-- REDIR: 0x48f33a0 (libc.so.6:strncpy) redirected to 0x48391d0 (_vgnU_ifunc_wrapper)
--22840-- REDIR: 0x48f4240 (libc.so.6:strcasecmp) redirected to 0x48391d0 (_vgnU_ifunc_wrapper)
--22840-- REDIR: 0x48f2e50 (libc.so.6:strcat) redirected to 0x48391d0 (_vgnU_ifunc_wrapper)
--22840-- REDIR: 0x48f3400 (libc.so.6:rindex) redirected to 0x48391d0 (_vgnU_ifunc_wrapper)
--22840-- REDIR: 0x48f5700 (libc.so.6:rawmemchr) redirected to 0x48391d0 (_vgnU_ifunc_wrapper)
--22840-- REDIR: 0x490f830 (libc.so.6:wmemchr) redirected to 0x48391d0 (_vgnU_ifunc_wrapper)
--22840-- REDIR: 0x490f370 (libc.so.6:wcscmp) redirected to 0x48391d0 (_vgnU_ifunc_wrapper)
--22840-- REDIR: 0x48f4060 (libc.so.6:mempcpy) redirected to 0x48391d0 (_vgnU_ifunc_wrapper)
--22840-- REDIR: 0x48f3e90 (libc.so.6:bcmp) redirected to 0x48391d0 (_vgnU_ifunc_wrapper)
--22840-- REDIR: 0x48f3340 (libc.so.6:strncmp) redirected to 0x48391d0 (_vgnU_ifunc_wrapper)
--22840-- REDIR: 0x48f2f00 (libc.so.6:strcmp) redirected to 0x48391d0 (_vgnU_ifunc_wrapper)
--22840-- REDIR: 0x48f3fd0 (libc.so.6:memset) redirected to 0x48391d0 (_vgnU_ifunc_wrapper)
--22840-- REDIR: 0x490f330 (libc.so.6:wcschr) redirected to 0x48391d0 (_vgnU_ifunc_wrapper)
--22840-- REDIR: 0x48f32a0 (libc.so.6:strnlen) redirected to 0x48391d0 (_vgnU_ifunc_wrapper)
--22840-- REDIR: 0x48f2fe0 (libc.so.6:strcspn) redirected to 0x48391d0 (_vgnU_ifunc_wrapper)
--22840-- REDIR: 0x48f4290 (libc.so.6:strncasecmp) redirected to 0x48391d0 (_vgnU_ifunc_wrapper)
--22840-- REDIR: 0x48f2f80 (libc.so.6:strcpy) redirected to 0x48391d0 (_vgnU_ifunc_wrapper)
--22840-- REDIR: 0x48f43e0 (libc.so.6:memcpy@@GLIBC_2.14) redirected to 0x48391d0 (_vgnU_ifunc_wrapper)
--22840-- REDIR: 0x4910ab0 (libc.so.6:wcsnlen) redirected to 0x48391d0 (_vgnU_ifunc_wrapper)
--22840-- REDIR: 0x490f3b0 (libc.so.6:wcscpy) redirected to 0x48391d0 (_vgnU_ifunc_wrapper)
--22840-- REDIR: 0x48f3440 (libc.so.6:strpbrk) redirected to 0x48391d0 (_vgnU_ifunc_wrapper)
--22840-- REDIR: 0x48f2eb0 (libc.so.6:index) redirected to 0x48391d0 (_vgnU_ifunc_wrapper)
--22840-- REDIR: 0x48f3260 (libc.so.6:strlen) redirected to 0x48391d0 (_vgnU_ifunc_wrapper)
--22840-- REDIR: 0x48fbc20 (libc.so.6:memrchr) redirected to 0x48391d0 (_vgnU_ifunc_wrapper)
--22840-- REDIR: 0x48f42e0 (libc.so.6:strcasecmp_l) redirected to 0x48391d0 (_vgnU_ifunc_wrapper)
--22840-- REDIR: 0x48f3e50 (libc.so.6:memchr) redirected to 0x48391d0 (_vgnU_ifunc_wrapper)
--22840-- REDIR: 0x490f480 (libc.so.6:wcslen) redirected to 0x48391d0 (_vgnU_ifunc_wrapper)
--22840-- REDIR: 0x48f3560 (libc.so.6:strspn) redirected to 0x48391d0 (_vgnU_ifunc_wrapper)
--22840-- REDIR: 0x48f41e0 (libc.so.6:stpncpy) redirected to 0x48391d0 (_vgnU_ifunc_wrapper)
--22840-- REDIR: 0x48f4180 (libc.so.6:stpcpy) redirected to 0x48391d0 (_vgnU_ifunc_wrapper)
--22840-- REDIR: 0x48f5740 (libc.so.6:strchrnul) redirected to 0x48391d0 (_vgnU_ifunc_wrapper)
--22840-- REDIR: 0x48f4330 (libc.so.6:strncasecmp_l) redirected to 0x48391d0 (_vgnU_ifunc_wrapper)
--22840-- REDIR: 0x49d6d60 (libc.so.6:__strrchr_avx2) redirected to 0x4844a10 (rindex)
--22840-- REDIR: 0x48ee130 (libc.so.6:malloc) redirected to 0x4841780 (malloc)
--22840-- REDIR: 0x48f3a20 (libc.so.6:__GI_strstr) redirected to 0x4849ca0 (__strstr_sse2)
--22840-- REDIR: 0x49da3d0 (libc.so.6:__memset_avx2_unaligned_erms) redirected to 0x48488e0 (memset)
--22840-- REDIR: 0x49d3060 (libc.so.6:__rawmemchr_avx2) redirected to 0x4849580 (rawmemchr)
--22840-- REDIR: 0x49d8470 (libc.so.6:__strcpy_avx2) redirected to 0x4845090 (strcpy)
--22840-- REDIR: 0x49d2420 (libc.so.6:__strcmp_avx2) redirected to 0x4845ed0 (strcmp)
--22840-- REDIR: 0x49d6f30 (libc.so.6:__strlen_avx2) redirected to 0x4844f40 (strlen)
--22840-- REDIR: 0x49d73f0 (libc.so.6:__strcat_avx2) redirected to 0x4844c20 (strcat)
==22840== Invalid read of size 1
==22840==    at 0x4845094: strcpy (in /usr/lib/x86_64-linux-gnu/valgrind/vgpreload_memcheck-amd64-linux.so)
==22840==    by 0x10A651: add_table_node (structures.c:161)
==22840==    by 0x10CEB7: yyparse (syn.y:217)
==22840==    by 0x10EC18: main (syn.y:741)
==22840==  Address 0x1ffeff4f70 is on thread 1's stack
==22840==  2040 bytes below stack pointer
==22840== 
==22840== Invalid read of size 1
==22840==    at 0x48450B2: strcpy (in /usr/lib/x86_64-linux-gnu/valgrind/vgpreload_memcheck-amd64-linux.so)
==22840==    by 0x10A651: add_table_node (structures.c:161)
==22840==    by 0x10CEB7: yyparse (syn.y:217)
==22840==    by 0x10EC18: main (syn.y:741)
==22840==  Address 0x1ffeff4f71 is on thread 1's stack
==22840==  2039 bytes below stack pointer
==22840== 
--22840-- REDIR: 0x48ee740 (libc.so.6:free) redirected to 0x48429d0 (free)
--22840-- REDIR: 0x49d6b70 (libc.so.6:__strchrnul_avx2) redirected to 0x4849540 (strchrnul)
--22840-- REDIR: 0x49d9f20 (libc.so.6:__mempcpy_avx_unaligned_erms) redirected to 0x4849660 (mempcpy)
==22840== 
==22840== HEAP SUMMARY:
==22840==     in use at exit: 30,704 bytes in 138 blocks
==22840==   total heap usage: 772 allocs, 634 frees, 123,346 bytes allocated
==22840== 
==22840== Searching for pointers to 138 not-freed blocks
==22840== Checked 94,696 bytes
==22840== 
==22840== 16 bytes in 1 blocks are indirectly lost in loss record 1 of 34
==22840==    at 0x48417F3: malloc (in /usr/lib/x86_64-linux-gnu/valgrind/vgpreload_memcheck-amd64-linux.so)
==22840==    by 0x10AD2A: add_tree_node (structures.c:278)
==22840==    by 0x10B1D2: add_tree_token_node (structures.c:306)
==22840==    by 0x10D8AF: yyparse (syn.y:501)
==22840==    by 0x10EC18: main (syn.y:741)
==22840== 
==22840== 224 bytes in 1 blocks are indirectly lost in loss record 2 of 34
==22840==    at 0x48417F3: malloc (in /usr/lib/x86_64-linux-gnu/valgrind/vgpreload_memcheck-amd64-linux.so)
==22840==    by 0x10B05F: add_tree_token_node (structures.c:304)
==22840==    by 0x10D8AF: yyparse (syn.y:501)
==22840==    by 0x10EC18: main (syn.y:741)
==22840== 
==22840== 224 bytes in 1 blocks are definitely lost in loss record 3 of 34
==22840==    at 0x48417F3: malloc (in /usr/lib/x86_64-linux-gnu/valgrind/vgpreload_memcheck-amd64-linux.so)
==22840==    by 0x10ADC1: token_to_node (structures.c:295)
==22840==    by 0x10B080: add_tree_token_node (structures.c:305)
==22840==    by 0x10D961: yyparse (syn.y:524)
==22840==    by 0x10EC18: main (syn.y:741)
==22840== 
==22840== 224 bytes in 1 blocks are definitely lost in loss record 4 of 34
==22840==    at 0x48417F3: malloc (in /usr/lib/x86_64-linux-gnu/valgrind/vgpreload_memcheck-amd64-linux.so)
==22840==    by 0x10ADC1: token_to_node (structures.c:295)
==22840==    by 0x10B080: add_tree_token_node (structures.c:305)
==22840==    by 0x10DE75: yyparse (syn.y:647)
==22840==    by 0x10EC18: main (syn.y:741)
==22840== 
==22840== 224 bytes in 1 blocks are definitely lost in loss record 5 of 34
==22840==    at 0x48417F3: malloc (in /usr/lib/x86_64-linux-gnu/valgrind/vgpreload_memcheck-amd64-linux.so)
==22840==    by 0x10ADC1: token_to_node (structures.c:295)
==22840==    by 0x10B080: add_tree_token_node (structures.c:305)
==22840==    by 0x10E19C: yyparse (syn.y:707)
==22840==    by 0x10EC18: main (syn.y:741)
==22840== 
==22840== 224 bytes in 1 blocks are definitely lost in loss record 6 of 34
==22840==    at 0x48417F3: malloc (in /usr/lib/x86_64-linux-gnu/valgrind/vgpreload_memcheck-amd64-linux.so)
==22840==    by 0x10ADC1: token_to_node (structures.c:295)
==22840==    by 0x10B080: add_tree_token_node (structures.c:305)
==22840==    by 0x10E07C: yyparse (syn.y:680)
==22840==    by 0x10EC18: main (syn.y:741)
==22840== 
==22840== 224 bytes in 1 blocks are definitely lost in loss record 7 of 34
==22840==    at 0x48417F3: malloc (in /usr/lib/x86_64-linux-gnu/valgrind/vgpreload_memcheck-amd64-linux.so)
==22840==    by 0x10ADC1: token_to_node (structures.c:295)
==22840==    by 0x10B080: add_tree_token_node (structures.c:305)
==22840==    by 0x10E1D0: yyparse (syn.y:711)
==22840==    by 0x10EC18: main (syn.y:741)
==22840== 
==22840== 224 bytes in 1 blocks are definitely lost in loss record 8 of 34
==22840==    at 0x48417F3: malloc (in /usr/lib/x86_64-linux-gnu/valgrind/vgpreload_memcheck-amd64-linux.so)
==22840==    by 0x10ADC1: token_to_node (structures.c:295)
==22840==    by 0x10B080: add_tree_token_node (structures.c:305)
==22840==    by 0x10D817: yyparse (syn.y:476)
==22840==    by 0x10EC18: main (syn.y:741)
==22840== 
==22840== 224 bytes in 1 blocks are definitely lost in loss record 9 of 34
==22840==    at 0x48417F3: malloc (in /usr/lib/x86_64-linux-gnu/valgrind/vgpreload_memcheck-amd64-linux.so)
==22840==    by 0x10ADC1: token_to_node (structures.c:295)
==22840==    by 0x10B080: add_tree_token_node (structures.c:305)
==22840==    by 0x10E001: yyparse (syn.y:674)
==22840==    by 0x10EC18: main (syn.y:741)
==22840== 
==22840== 224 bytes in 1 blocks are definitely lost in loss record 10 of 34
==22840==    at 0x48417F3: malloc (in /usr/lib/x86_64-linux-gnu/valgrind/vgpreload_memcheck-amd64-linux.so)
==22840==    by 0x10ADC1: token_to_node (structures.c:295)
==22840==    by 0x10B080: add_tree_token_node (structures.c:305)
==22840==    by 0x10DFA2: yyparse (syn.y:669)
==22840==    by 0x10EC18: main (syn.y:741)
==22840== 
==22840== 224 bytes in 1 blocks are definitely lost in loss record 11 of 34
==22840==    at 0x48417F3: malloc (in /usr/lib/x86_64-linux-gnu/valgrind/vgpreload_memcheck-amd64-linux.so)
==22840==    by 0x10ADC1: token_to_node (structures.c:295)
==22840==    by 0x10B080: add_tree_token_node (structures.c:305)
==22840==    by 0x10DBC1: yyparse (syn.y:599)
==22840==    by 0x10EC18: main (syn.y:741)
==22840== 
==22840== 224 bytes in 1 blocks are definitely lost in loss record 12 of 34
==22840==    at 0x48417F3: malloc (in /usr/lib/x86_64-linux-gnu/valgrind/vgpreload_memcheck-amd64-linux.so)
==22840==    by 0x10ADC1: token_to_node (structures.c:295)
==22840==    by 0x10B080: add_tree_token_node (structures.c:305)
==22840==    by 0x10DF27: yyparse (syn.y:660)
==22840==    by 0x10EC18: main (syn.y:741)
==22840== 
==22840== 224 bytes in 1 blocks are definitely lost in loss record 13 of 34
==22840==    at 0x48417F3: malloc (in /usr/lib/x86_64-linux-gnu/valgrind/vgpreload_memcheck-amd64-linux.so)
==22840==    by 0x10ADC1: token_to_node (structures.c:295)
==22840==    by 0x10B080: add_tree_token_node (structures.c:305)
==22840==    by 0x10D360: yyparse (syn.y:366)
==22840==    by 0x10EC18: main (syn.y:741)
==22840== 
==22840== 224 bytes in 1 blocks are definitely lost in loss record 14 of 34
==22840==    at 0x48417F3: malloc (in /usr/lib/x86_64-linux-gnu/valgrind/vgpreload_memcheck-amd64-linux.so)
==22840==    by 0x10ADC1: token_to_node (structures.c:295)
==22840==    by 0x10B080: add_tree_token_node (structures.c:305)
==22840==    by 0x10D3CB: yyparse (syn.y:371)
==22840==    by 0x10EC18: main (syn.y:741)
==22840== 
==22840== 448 bytes in 2 blocks are definitely lost in loss record 15 of 34
==22840==    at 0x48417F3: malloc (in /usr/lib/x86_64-linux-gnu/valgrind/vgpreload_memcheck-amd64-linux.so)
==22840==    by 0x10ADC1: token_to_node (structures.c:295)
==22840==    by 0x10B080: add_tree_token_node (structures.c:305)
==22840==    by 0x10D77F: yyparse (syn.y:465)
==22840==    by 0x10EC18: main (syn.y:741)
==22840== 
==22840== 448 bytes in 2 blocks are definitely lost in loss record 16 of 34
==22840==    at 0x48417F3: malloc (in /usr/lib/x86_64-linux-gnu/valgrind/vgpreload_memcheck-amd64-linux.so)
==22840==    by 0x10ADC1: token_to_node (structures.c:295)
==22840==    by 0x10B080: add_tree_token_node (structures.c:305)
==22840==    by 0x10D483: yyparse (syn.y:388)
==22840==    by 0x10EC18: main (syn.y:741)
==22840== 
==22840== 448 bytes in 2 blocks are definitely lost in loss record 17 of 34
==22840==    at 0x48417F3: malloc (in /usr/lib/x86_64-linux-gnu/valgrind/vgpreload_memcheck-amd64-linux.so)
==22840==    by 0x10ADC1: token_to_node (structures.c:295)
==22840==    by 0x10B080: add_tree_token_node (structures.c:305)
==22840==    by 0x10E232: yyparse (syn.y:719)
==22840==    by 0x10EC18: main (syn.y:741)
==22840== 
==22840== 448 bytes in 2 blocks are definitely lost in loss record 18 of 34
==22840==    at 0x48417F3: malloc (in /usr/lib/x86_64-linux-gnu/valgrind/vgpreload_memcheck-amd64-linux.so)
==22840==    by 0x10ADC1: token_to_node (structures.c:295)
==22840==    by 0x10B080: add_tree_token_node (structures.c:305)
==22840==    by 0x10D5F9: yyparse (syn.y:430)
==22840==    by 0x10EC18: main (syn.y:741)
==22840== 
==22840== 448 bytes in 2 blocks are definitely lost in loss record 19 of 34
==22840==    at 0x48417F3: malloc (in /usr/lib/x86_64-linux-gnu/valgrind/vgpreload_memcheck-amd64-linux.so)
==22840==    by 0x10ADC1: token_to_node (structures.c:295)
==22840==    by 0x10B080: add_tree_token_node (structures.c:305)
==22840==    by 0x10D6B7: yyparse (syn.y:446)
==22840==    by 0x10EC18: main (syn.y:741)
==22840== 
==22840== 448 bytes in 2 blocks are definitely lost in loss record 20 of 34
==22840==    at 0x48417F3: malloc (in /usr/lib/x86_64-linux-gnu/valgrind/vgpreload_memcheck-amd64-linux.so)
==22840==    by 0x10ADC1: token_to_node (structures.c:295)
==22840==    by 0x10B080: add_tree_token_node (structures.c:305)
==22840==    by 0x10D6DE: yyparse (syn.y:448)
==22840==    by 0x10EC18: main (syn.y:741)
==22840== 
==22840== 464 (224 direct, 240 indirect) bytes in 1 blocks are definitely lost in loss record 21 of 34
==22840==    at 0x48417F3: malloc (in /usr/lib/x86_64-linux-gnu/valgrind/vgpreload_memcheck-amd64-linux.so)
==22840==    by 0x10AB99: create_node (structures.c:269)
==22840==    by 0x10D88A: yyparse (syn.y:500)
==22840==    by 0x10EC18: main (syn.y:741)
==22840== 
==22840== 672 bytes in 3 blocks are definitely lost in loss record 22 of 34
==22840==    at 0x48417F3: malloc (in /usr/lib/x86_64-linux-gnu/valgrind/vgpreload_memcheck-amd64-linux.so)
==22840==    by 0x10ADC1: token_to_node (structures.c:295)
==22840==    by 0x10B080: add_tree_token_node (structures.c:305)
==22840==    by 0x10D8F9: yyparse (syn.y:513)
==22840==    by 0x10EC18: main (syn.y:741)
==22840== 
==22840== 672 bytes in 3 blocks are definitely lost in loss record 23 of 34
==22840==    at 0x48417F3: malloc (in /usr/lib/x86_64-linux-gnu/valgrind/vgpreload_memcheck-amd64-linux.so)
==22840==    by 0x10ADC1: token_to_node (structures.c:295)
==22840==    by 0x10B080: add_tree_token_node (structures.c:305)
==22840==    by 0x10DC3C: yyparse (syn.y:608)
==22840==    by 0x10EC18: main (syn.y:741)
==22840== 
==22840== 896 bytes in 4 blocks are definitely lost in loss record 24 of 34
==22840==    at 0x48417F3: malloc (in /usr/lib/x86_64-linux-gnu/valgrind/vgpreload_memcheck-amd64-linux.so)
==22840==    by 0x10ADC1: token_to_node (structures.c:295)
==22840==    by 0x10B080: add_tree_token_node (structures.c:305)
==22840==    by 0x10D424: yyparse (syn.y:379)
==22840==    by 0x10EC18: main (syn.y:741)
==22840== 
==22840== 1,120 bytes in 5 blocks are definitely lost in loss record 25 of 34
==22840==    at 0x48417F3: malloc (in /usr/lib/x86_64-linux-gnu/valgrind/vgpreload_memcheck-amd64-linux.so)
==22840==    by 0x10ADC1: token_to_node (structures.c:295)
==22840==    by 0x10B080: add_tree_token_node (structures.c:305)
==22840==    by 0x10D71B: yyparse (syn.y:454)
==22840==    by 0x10EC18: main (syn.y:741)
==22840== 
==22840== 1,120 bytes in 5 blocks are definitely lost in loss record 26 of 34
==22840==    at 0x48417F3: malloc (in /usr/lib/x86_64-linux-gnu/valgrind/vgpreload_memcheck-amd64-linux.so)
==22840==    by 0x10ADC1: token_to_node (structures.c:295)
==22840==    by 0x10B080: add_tree_token_node (structures.c:305)
==22840==    by 0x10D742: yyparse (syn.y:456)
==22840==    by 0x10EC18: main (syn.y:741)
==22840== 
==22840== 1,344 bytes in 6 blocks are definitely lost in loss record 27 of 34
==22840==    at 0x48417F3: malloc (in /usr/lib/x86_64-linux-gnu/valgrind/vgpreload_memcheck-amd64-linux.so)
==22840==    by 0x10AB99: create_node (structures.c:269)
==22840==    by 0x10D99C: yyparse (syn.y:543)
==22840==    by 0x10EC18: main (syn.y:741)
==22840== 
==22840== 1,344 bytes in 6 blocks are definitely lost in loss record 28 of 34
==22840==    at 0x48417F3: malloc (in /usr/lib/x86_64-linux-gnu/valgrind/vgpreload_memcheck-amd64-linux.so)
==22840==    by 0x10ADC1: token_to_node (structures.c:295)
==22840==    by 0x10B080: add_tree_token_node (structures.c:305)
==22840==    by 0x10D9D8: yyparse (syn.y:546)
==22840==    by 0x10EC18: main (syn.y:741)
==22840== 
==22840== 1,344 bytes in 6 blocks are definitely lost in loss record 29 of 34
==22840==    at 0x48417F3: malloc (in /usr/lib/x86_64-linux-gnu/valgrind/vgpreload_memcheck-amd64-linux.so)
==22840==    by 0x10ADC1: token_to_node (structures.c:295)
==22840==    by 0x10B080: add_tree_token_node (structures.c:305)
==22840==    by 0x10DA40: yyparse (syn.y:557)
==22840==    by 0x10EC18: main (syn.y:741)
==22840== 
==22840== 1,792 bytes in 8 blocks are definitely lost in loss record 30 of 34
==22840==    at 0x48417F3: malloc (in /usr/lib/x86_64-linux-gnu/valgrind/vgpreload_memcheck-amd64-linux.so)
==22840==    by 0x10ADC1: token_to_node (structures.c:295)
==22840==    by 0x10B080: add_tree_token_node (structures.c:305)
==22840==    by 0x10D92D: yyparse (syn.y:520)
==22840==    by 0x10EC18: main (syn.y:741)
==22840== 
==22840== 2,688 bytes in 12 blocks are definitely lost in loss record 31 of 34
==22840==    at 0x48417F3: malloc (in /usr/lib/x86_64-linux-gnu/valgrind/vgpreload_memcheck-amd64-linux.so)
==22840==    by 0x10ADC1: token_to_node (structures.c:295)
==22840==    by 0x10B080: add_tree_token_node (structures.c:305)
==22840==    by 0x10DA0C: yyparse (syn.y:553)
==22840==    by 0x10EC18: main (syn.y:741)
==22840== 
==22840== 2,912 bytes in 13 blocks are definitely lost in loss record 32 of 34
==22840==    at 0x48417F3: malloc (in /usr/lib/x86_64-linux-gnu/valgrind/vgpreload_memcheck-amd64-linux.so)
==22840==    by 0x10ADC1: token_to_node (structures.c:295)
==22840==    by 0x10B080: add_tree_token_node (structures.c:305)
==22840==    by 0x10D574: yyparse (syn.y:410)
==22840==    by 0x10EC18: main (syn.y:741)
==22840== 
==22840== 4,032 bytes in 18 blocks are definitely lost in loss record 33 of 34
==22840==    at 0x48417F3: malloc (in /usr/lib/x86_64-linux-gnu/valgrind/vgpreload_memcheck-amd64-linux.so)
==22840==    by 0x10ADC1: token_to_node (structures.c:295)
==22840==    by 0x10B080: add_tree_token_node (structures.c:305)
==22840==    by 0x10CE8F: yyparse (syn.y:216)
==22840==    by 0x10EC18: main (syn.y:741)
==22840== 
==22840== 4,928 bytes in 22 blocks are definitely lost in loss record 34 of 34
==22840==    at 0x48417F3: malloc (in /usr/lib/x86_64-linux-gnu/valgrind/vgpreload_memcheck-amd64-linux.so)
==22840==    by 0x10ADC1: token_to_node (structures.c:295)
==22840==    by 0x10B080: add_tree_token_node (structures.c:305)
==22840==    by 0x10D8AF: yyparse (syn.y:501)
==22840==    by 0x10EC18: main (syn.y:741)
==22840== 
==22840== LEAK SUMMARY:
==22840==    definitely lost: 30,464 bytes in 136 blocks
==22840==    indirectly lost: 240 bytes in 2 blocks
==22840==      possibly lost: 0 bytes in 0 blocks
==22840==    still reachable: 0 bytes in 0 blocks
==22840==         suppressed: 0 bytes in 0 blocks
==22840== 
==22840== ERROR SUMMARY: 146 errors from 34 contexts (suppressed: 0 from 0)
==22840== 
==22840== 18 errors in context 1 of 34:
==22840== Invalid read of size 1
==22840==    at 0x4845094: strcpy (in /usr/lib/x86_64-linux-gnu/valgrind/vgpreload_memcheck-amd64-linux.so)
==22840==    by 0x10A651: add_table_node (structures.c:161)
==22840==    by 0x10CEB7: yyparse (syn.y:217)
==22840==    by 0x10EC18: main (syn.y:741)
==22840==  Address 0x1ffeff4f70 is on thread 1's stack
==22840==  2040 bytes below stack pointer
==22840== 
==22840== 
==22840== 96 errors in context 2 of 34:
==22840== Invalid read of size 1
==22840==    at 0x48450B2: strcpy (in /usr/lib/x86_64-linux-gnu/valgrind/vgpreload_memcheck-amd64-linux.so)
==22840==    by 0x10A651: add_table_node (structures.c:161)
==22840==    by 0x10CEB7: yyparse (syn.y:217)
==22840==    by 0x10EC18: main (syn.y:741)
==22840==  Address 0x1ffeff4f71 is on thread 1's stack
==22840==  2039 bytes below stack pointer
==22840== 
==22840== ERROR SUMMARY: 146 errors from 34 contexts (suppressed: 0 from 0)
