==7841== Memcheck, a memory error detector
==7841== Copyright (C) 2002-2017, and GNU GPL'd, by Julian Seward et al.
==7841== Using Valgrind-3.15.0-608cb11914-20190413 and LibVEX; rerun with -h for copyright info
==7841== Command: ./tradutor tests/test.c
==7841== Parent PID: 7840
==7841== 
--7841-- 
--7841-- Valgrind options:
--7841--    -v
--7841--    --tool=memcheck
--7841--    --leak-check=full
--7841--    --log-file=logfile.out
--7841--    --show-leak-kinds=all
--7841--    --track-origins=yes
--7841-- Contents of /proc/version:
--7841--   Linux version 5.10.16.3-microsoft-standard-WSL2 (oe-user@oe-host) (x86_64-msft-linux-gcc (GCC) 9.3.0, GNU ld (GNU Binutils) 2.34.0.20200220) #1 SMP Fri Apr 2 22:23:49 UTC 2021
--7841-- 
--7841-- Arch and hwcaps: AMD64, LittleEndian, amd64-cx16-lzcnt-rdtscp-sse3-ssse3-avx-avx2-bmi-f16c-rdrand
--7841-- Page sizes: currently 4096, max supported 4096
--7841-- Valgrind library directory: /usr/lib/x86_64-linux-gnu/valgrind
--7841-- Reading syms from /mnt/c/Users/cella/OneDrive/Documentos/UnB/Tradutores/translator-project/syntax-analyzer_DEBUG/tradutor
--7841-- Reading syms from /usr/lib/x86_64-linux-gnu/ld-2.33.so
--7841--   Considering /usr/lib/x86_64-linux-gnu/ld-2.33.so ..
--7841--   .. CRC mismatch (computed 425b6850 wanted cee0dc4c)
--7841--   Considering /lib/x86_64-linux-gnu/ld-2.33.so ..
--7841--   .. CRC mismatch (computed 425b6850 wanted cee0dc4c)
--7841--   Considering /usr/lib/debug/lib/x86_64-linux-gnu/ld-2.33.so ..
--7841--   .. CRC is valid
--7841-- Reading syms from /usr/lib/x86_64-linux-gnu/valgrind/memcheck-amd64-linux
--7841--    object doesn't have a symbol table
--7841--    object doesn't have a dynamic symbol table
--7841-- Scheduler: using generic scheduler lock implementation.
--7841-- Reading suppressions file: /usr/lib/x86_64-linux-gnu/valgrind/default.supp
==7841== embedded gdbserver: reading from /tmp/vgdb-pipe-from-vgdb-to-7841-by-marcella-on-???
==7841== embedded gdbserver: writing to   /tmp/vgdb-pipe-to-vgdb-from-7841-by-marcella-on-???
==7841== embedded gdbserver: shared mem   /tmp/vgdb-pipe-shared-mem-vgdb-7841-by-marcella-on-???
==7841== 
==7841== TO CONTROL THIS PROCESS USING vgdb (which you probably
==7841== don't want to do, unless you know exactly what you're doing,
==7841== or are doing some strange experiment):
==7841==   /usr/lib/x86_64-linux-gnu/valgrind/../../bin/vgdb --pid=7841 ...command...
==7841== 
==7841== TO DEBUG THIS PROCESS USING GDB: start GDB like this
==7841==   /path/to/gdb ./tradutor
==7841== and then give GDB the following command
==7841==   target remote | /usr/lib/x86_64-linux-gnu/valgrind/../../bin/vgdb --pid=7841
==7841== --pid is optional if only one valgrind process is running
==7841== 
--7841-- REDIR: 0x40276d0 (ld-linux-x86-64.so.2:strlen) redirected to 0x580c9ce2 (???)
--7841-- REDIR: 0x40274a0 (ld-linux-x86-64.so.2:index) redirected to 0x580c9cfc (???)
--7841-- Reading syms from /usr/lib/x86_64-linux-gnu/valgrind/vgpreload_core-amd64-linux.so
--7841--    object doesn't have a symbol table
--7841-- Reading syms from /usr/lib/x86_64-linux-gnu/valgrind/vgpreload_memcheck-amd64-linux.so
--7841--    object doesn't have a symbol table
==7841== WARNING: new redirection conflicts with existing -- ignoring it
--7841--     old: 0x040276d0 (strlen              ) R-> (0000.0) 0x580c9ce2 ???
--7841--     new: 0x040276d0 (strlen              ) R-> (2007.0) 0x04845060 strlen
--7841-- REDIR: 0x4023eb0 (ld-linux-x86-64.so.2:strcmp) redirected to 0x4845fd0 (strcmp)
--7841-- REDIR: 0x4027c30 (ld-linux-x86-64.so.2:mempcpy) redirected to 0x4849a20 (mempcpy)
--7841-- Reading syms from /usr/lib/x86_64-linux-gnu/libc-2.33.so
--7841--   Considering /usr/lib/x86_64-linux-gnu/libc-2.33.so ..
--7841--   .. CRC mismatch (computed 31fcf0a5 wanted 9eb4d521)
--7841--   Considering /lib/x86_64-linux-gnu/libc-2.33.so ..
--7841--   .. CRC mismatch (computed 31fcf0a5 wanted 9eb4d521)
--7841--   Considering /usr/lib/debug/lib/x86_64-linux-gnu/libc-2.33.so ..
--7841--   .. CRC is valid
--7841-- REDIR: 0x48f3f00 (libc.so.6:memmove) redirected to 0x48391d0 (_vgnU_ifunc_wrapper)
--7841-- REDIR: 0x48f33a0 (libc.so.6:strncpy) redirected to 0x48391d0 (_vgnU_ifunc_wrapper)
--7841-- REDIR: 0x48f4240 (libc.so.6:strcasecmp) redirected to 0x48391d0 (_vgnU_ifunc_wrapper)
--7841-- REDIR: 0x48f2e50 (libc.so.6:strcat) redirected to 0x48391d0 (_vgnU_ifunc_wrapper)
--7841-- REDIR: 0x48f3400 (libc.so.6:rindex) redirected to 0x48391d0 (_vgnU_ifunc_wrapper)
--7841-- REDIR: 0x48f5700 (libc.so.6:rawmemchr) redirected to 0x48391d0 (_vgnU_ifunc_wrapper)
--7841-- REDIR: 0x490f830 (libc.so.6:wmemchr) redirected to 0x48391d0 (_vgnU_ifunc_wrapper)
--7841-- REDIR: 0x490f370 (libc.so.6:wcscmp) redirected to 0x48391d0 (_vgnU_ifunc_wrapper)
--7841-- REDIR: 0x48f4060 (libc.so.6:mempcpy) redirected to 0x48391d0 (_vgnU_ifunc_wrapper)
--7841-- REDIR: 0x48f3e90 (libc.so.6:bcmp) redirected to 0x48391d0 (_vgnU_ifunc_wrapper)
--7841-- REDIR: 0x48f3340 (libc.so.6:strncmp) redirected to 0x48391d0 (_vgnU_ifunc_wrapper)
--7841-- REDIR: 0x48f2f00 (libc.so.6:strcmp) redirected to 0x48391d0 (_vgnU_ifunc_wrapper)
--7841-- REDIR: 0x48f3fd0 (libc.so.6:memset) redirected to 0x48391d0 (_vgnU_ifunc_wrapper)
--7841-- REDIR: 0x490f330 (libc.so.6:wcschr) redirected to 0x48391d0 (_vgnU_ifunc_wrapper)
--7841-- REDIR: 0x48f32a0 (libc.so.6:strnlen) redirected to 0x48391d0 (_vgnU_ifunc_wrapper)
--7841-- REDIR: 0x48f2fe0 (libc.so.6:strcspn) redirected to 0x48391d0 (_vgnU_ifunc_wrapper)
--7841-- REDIR: 0x48f4290 (libc.so.6:strncasecmp) redirected to 0x48391d0 (_vgnU_ifunc_wrapper)
--7841-- REDIR: 0x48f2f80 (libc.so.6:strcpy) redirected to 0x48391d0 (_vgnU_ifunc_wrapper)
--7841-- REDIR: 0x48f43e0 (libc.so.6:memcpy@@GLIBC_2.14) redirected to 0x48391d0 (_vgnU_ifunc_wrapper)
--7841-- REDIR: 0x4910ab0 (libc.so.6:wcsnlen) redirected to 0x48391d0 (_vgnU_ifunc_wrapper)
--7841-- REDIR: 0x490f3b0 (libc.so.6:wcscpy) redirected to 0x48391d0 (_vgnU_ifunc_wrapper)
--7841-- REDIR: 0x48f3440 (libc.so.6:strpbrk) redirected to 0x48391d0 (_vgnU_ifunc_wrapper)
--7841-- REDIR: 0x48f2eb0 (libc.so.6:index) redirected to 0x48391d0 (_vgnU_ifunc_wrapper)
--7841-- REDIR: 0x48f3260 (libc.so.6:strlen) redirected to 0x48391d0 (_vgnU_ifunc_wrapper)
--7841-- REDIR: 0x48fbc20 (libc.so.6:memrchr) redirected to 0x48391d0 (_vgnU_ifunc_wrapper)
--7841-- REDIR: 0x48f42e0 (libc.so.6:strcasecmp_l) redirected to 0x48391d0 (_vgnU_ifunc_wrapper)
--7841-- REDIR: 0x48f3e50 (libc.so.6:memchr) redirected to 0x48391d0 (_vgnU_ifunc_wrapper)
--7841-- REDIR: 0x490f480 (libc.so.6:wcslen) redirected to 0x48391d0 (_vgnU_ifunc_wrapper)
--7841-- REDIR: 0x48f3560 (libc.so.6:strspn) redirected to 0x48391d0 (_vgnU_ifunc_wrapper)
--7841-- REDIR: 0x48f41e0 (libc.so.6:stpncpy) redirected to 0x48391d0 (_vgnU_ifunc_wrapper)
--7841-- REDIR: 0x48f4180 (libc.so.6:stpcpy) redirected to 0x48391d0 (_vgnU_ifunc_wrapper)
--7841-- REDIR: 0x48f5740 (libc.so.6:strchrnul) redirected to 0x48391d0 (_vgnU_ifunc_wrapper)
--7841-- REDIR: 0x48f4330 (libc.so.6:strncasecmp_l) redirected to 0x48391d0 (_vgnU_ifunc_wrapper)
--7841-- REDIR: 0x49d6d60 (libc.so.6:__strrchr_avx2) redirected to 0x4844a10 (rindex)
--7841-- REDIR: 0x48ee130 (libc.so.6:malloc) redirected to 0x4841780 (malloc)
--7841-- REDIR: 0x48f3a20 (libc.so.6:__GI_strstr) redirected to 0x4849ca0 (__strstr_sse2)
--7841-- REDIR: 0x49da3d0 (libc.so.6:__memset_avx2_unaligned_erms) redirected to 0x48488e0 (memset)
--7841-- REDIR: 0x49d3060 (libc.so.6:__rawmemchr_avx2) redirected to 0x4849580 (rawmemchr)
--7841-- REDIR: 0x49d8470 (libc.so.6:__strcpy_avx2) redirected to 0x4845090 (strcpy)
--7841-- REDIR: 0x49d6b70 (libc.so.6:__strchrnul_avx2) redirected to 0x4849540 (strchrnul)
--7841-- REDIR: 0x49d9f20 (libc.so.6:__mempcpy_avx_unaligned_erms) redirected to 0x4849660 (mempcpy)
--7841-- REDIR: 0x49d6f30 (libc.so.6:__strlen_avx2) redirected to 0x4844f40 (strlen)
--7841-- REDIR: 0x48ee740 (libc.so.6:free) redirected to 0x48429d0 (free)
==7841== 
==7841== HEAP SUMMARY:
==7841==     in use at exit: 832 bytes in 13 blocks
==7841==   total heap usage: 31 allocs, 18 frees, 21,650 bytes allocated
==7841== 
==7841== Searching for pointers to 13 not-freed blocks
==7841== Checked 94,696 bytes
==7841== 
==7841== 16 bytes in 1 blocks are still reachable in loss record 1 of 13
==7841==    at 0x48417F3: malloc (in /usr/lib/x86_64-linux-gnu/valgrind/vgpreload_memcheck-amd64-linux.so)
==7841==    by 0x10DE02: main (syn.y:687)
==7841== 
==7841== 16 bytes in 1 blocks are indirectly lost in loss record 2 of 13
==7841==    at 0x48417F3: malloc (in /usr/lib/x86_64-linux-gnu/valgrind/vgpreload_memcheck-amd64-linux.so)
==7841==    by 0x10ABEE: add_tree_node (structures.c:241)
==7841==    by 0x10B096: add_tree_token_node (structures.c:271)
==7841==    by 0x10BCF6: yyparse (syn.y:209)
==7841==    by 0x10DE68: main (syn.y:695)
==7841== 
==7841== 16 bytes in 1 blocks are indirectly lost in loss record 3 of 13
==7841==    at 0x48417F3: malloc (in /usr/lib/x86_64-linux-gnu/valgrind/vgpreload_memcheck-amd64-linux.so)
==7841==    by 0x10ABEE: add_tree_node (structures.c:241)
==7841==    by 0x10B096: add_tree_token_node (structures.c:271)
==7841==    by 0x10BC8C: yyparse (syn.y:201)
==7841==    by 0x10DE68: main (syn.y:695)
==7841== 
==7841== 16 bytes in 1 blocks are definitely lost in loss record 4 of 13
==7841==    at 0x48417F3: malloc (in /usr/lib/x86_64-linux-gnu/valgrind/vgpreload_memcheck-amd64-linux.so)
==7841==    by 0x10ABEE: add_tree_node (structures.c:241)
==7841==    by 0x10B096: add_tree_token_node (structures.c:271)
==7841==    by 0x10CDF4: yyparse (syn.y:515)
==7841==    by 0x10DE68: main (syn.y:695)
==7841== 
==7841== 16 bytes in 1 blocks are definitely lost in loss record 5 of 13
==7841==    at 0x48417F3: malloc (in /usr/lib/x86_64-linux-gnu/valgrind/vgpreload_memcheck-amd64-linux.so)
==7841==    by 0x10ABEE: add_tree_node (structures.c:241)
==7841==    by 0x10CD6A: yyparse (syn.y:500)
==7841==    by 0x10DE68: main (syn.y:695)
==7841== 
==7841== 16 bytes in 1 blocks are definitely lost in loss record 6 of 13
==7841==    at 0x48417F3: malloc (in /usr/lib/x86_64-linux-gnu/valgrind/vgpreload_memcheck-amd64-linux.so)
==7841==    by 0x10ABEE: add_tree_node (structures.c:241)
==7841==    by 0x10BB86: yyparse (syn.y:176)
==7841==    by 0x10DE68: main (syn.y:695)
==7841== 
==7841== 16 bytes in 1 blocks are definitely lost in loss record 7 of 13
==7841==    at 0x48417F3: malloc (in /usr/lib/x86_64-linux-gnu/valgrind/vgpreload_memcheck-amd64-linux.so)
==7841==    by 0x10ABEE: add_tree_node (structures.c:241)
==7841==    by 0x10BB22: yyparse (syn.y:165)
==7841==    by 0x10DE68: main (syn.y:695)
==7841== 
==7841== 16 bytes in 1 blocks are definitely lost in loss record 8 of 13
==7841==    at 0x48417F3: malloc (in /usr/lib/x86_64-linux-gnu/valgrind/vgpreload_memcheck-amd64-linux.so)
==7841==    by 0x10ABEE: add_tree_node (structures.c:241)
==7841==    by 0x10BA77: yyparse (syn.y:145)
==7841==    by 0x10DE68: main (syn.y:695)
==7841== 
==7841== 32 (16 direct, 16 indirect) bytes in 1 blocks are definitely lost in loss record 9 of 13
==7841==    at 0x48417F3: malloc (in /usr/lib/x86_64-linux-gnu/valgrind/vgpreload_memcheck-amd64-linux.so)
==7841==    by 0x10ABEE: add_tree_node (structures.c:241)
==7841==    by 0x10BCD8: yyparse (syn.y:208)
==7841==    by 0x10DE68: main (syn.y:695)
==7841== 
==7841== 32 (16 direct, 16 indirect) bytes in 1 blocks are definitely lost in loss record 10 of 13
==7841==    at 0x48417F3: malloc (in /usr/lib/x86_64-linux-gnu/valgrind/vgpreload_memcheck-amd64-linux.so)
==7841==    by 0x10ABEE: add_tree_node (structures.c:241)
==7841==    by 0x10BC6E: yyparse (syn.y:200)
==7841==    by 0x10DE68: main (syn.y:695)
==7841== 
==7841== 224 bytes in 1 blocks are definitely lost in loss record 11 of 13
==7841==    at 0x48417F3: malloc (in /usr/lib/x86_64-linux-gnu/valgrind/vgpreload_memcheck-amd64-linux.so)
==7841==    by 0x10AC85: token_to_node (structures.c:260)
==7841==    by 0x10AF44: add_tree_token_node (structures.c:270)
==7841==    by 0x10CDF4: yyparse (syn.y:515)
==7841==    by 0x10DE68: main (syn.y:695)
==7841== 
==7841== 224 bytes in 1 blocks are definitely lost in loss record 12 of 13
==7841==    at 0x48417F3: malloc (in /usr/lib/x86_64-linux-gnu/valgrind/vgpreload_memcheck-amd64-linux.so)
==7841==    by 0x10AC85: token_to_node (structures.c:260)
==7841==    by 0x10AF44: add_tree_token_node (structures.c:270)
==7841==    by 0x10BCF6: yyparse (syn.y:209)
==7841==    by 0x10DE68: main (syn.y:695)
==7841== 
==7841== 224 bytes in 1 blocks are definitely lost in loss record 13 of 13
==7841==    at 0x48417F3: malloc (in /usr/lib/x86_64-linux-gnu/valgrind/vgpreload_memcheck-amd64-linux.so)
==7841==    by 0x10AC85: token_to_node (structures.c:260)
==7841==    by 0x10AF44: add_tree_token_node (structures.c:270)
==7841==    by 0x10BC8C: yyparse (syn.y:201)
==7841==    by 0x10DE68: main (syn.y:695)
==7841== 
==7841== LEAK SUMMARY:
==7841==    definitely lost: 784 bytes in 10 blocks
==7841==    indirectly lost: 32 bytes in 2 blocks
==7841==      possibly lost: 0 bytes in 0 blocks
==7841==    still reachable: 16 bytes in 1 blocks
==7841==         suppressed: 0 bytes in 0 blocks
==7841== 
==7841== ERROR SUMMARY: 10 errors from 10 contexts (suppressed: 0 from 0)
